[INFO] Scanning for projects...
[WARNING] 
[WARNING] Some problems were encountered while building the effective model for ua.my:ukrNetDump:jar:1.0
[WARNING] 'build.plugins.plugin.version' for org.apache.maven.plugins:maven-jar-plugin is missing. @ line 13, column 21
[WARNING] 
[WARNING] It is highly recommended to fix these problems because they threaten the stability of your build.
[WARNING] 
[WARNING] For this reason, future Maven versions might no longer support building such malformed projects.
[WARNING] 
[INFO]                                                                         
[INFO] ------------------------------------------------------------------------
[INFO] Building ukrNetDump 1.0
[INFO] ------------------------------------------------------------------------
[INFO] 
[INFO] --- maven-clean-plugin:2.5:clean (default-clean) @ ukrNetDump ---
[INFO] Deleting C:\Documents and Settings\pavel-pc\IdeaProjects\UkrNetDump\target
[INFO] 
[INFO] --- jacoco-maven-plugin:0.7.2.201409121644:prepare-agent (default-prepare-agent) @ ukrNetDump ---
[INFO] argLine set to "-javaagent:C:\\Documents and Settings\\pavel-pc\\.m2\\repository\\org\\jacoco\\org.jacoco.agent\\0.7.2.201409121644\\org.jacoco.agent-0.7.2.201409121644-runtime.jar=destfile=C:\\Documents and Settings\\pavel-pc\\IdeaProjects\\UkrNetDump\\target\\jacoco.exec"
[INFO] 
[INFO] --- maven-resources-plugin:2.6:resources (default-resources) @ ukrNetDump ---
[INFO] Using 'UTF-8' encoding to copy filtered resources.
[INFO] Copying 1 resource
[INFO] 
[INFO] --- maven-compiler-plugin:3.1:compile (default-compile) @ ukrNetDump ---
[INFO] Changes detected - recompiling the module!
[INFO] Compiling 13 source files to C:\Documents and Settings\pavel-pc\IdeaProjects\UkrNetDump\target\classes
[WARNING] /C:/Documents and Settings/pavel-pc/IdeaProjects/UkrNetDump/src/main/java/ua/my/ukrnetdump/core/database/SqliteControl.java:[3,16] sun.font.StandardTextSource is internal proprietary API and may be removed in a future release
[INFO] 
[INFO] --- maven-resources-plugin:2.6:testResources (default-testResources) @ ukrNetDump ---
[INFO] Using 'UTF-8' encoding to copy filtered resources.
[INFO] skip non existing resourceDirectory C:\Documents and Settings\pavel-pc\IdeaProjects\UkrNetDump\src\test\resources
[INFO] 
[INFO] --- maven-compiler-plugin:3.1:testCompile (default-testCompile) @ ukrNetDump ---
[INFO] Changes detected - recompiling the module!
[INFO] Compiling 3 source files to C:\Documents and Settings\pavel-pc\IdeaProjects\UkrNetDump\target\test-classes
[INFO] 
[INFO] --- maven-surefire-plugin:2.12.4:test (default-test) @ ukrNetDump ---
[INFO] Surefire report directory: C:\Documents and Settings\pavel-pc\IdeaProjects\UkrNetDump\target\surefire-reports

-------------------------------------------------------
 T E S T S
-------------------------------------------------------
Running ConfigTest
Tests run: 1, Failures: 0, Errors: 0, Skipped: 0, Time elapsed: 0.172 sec
Running DBTest
Table  deleted in given database...
Tests run: 2, Failures: 0, Errors: 0, Skipped: 0, Time elapsed: 1.516 sec
Running URKNETConnectTest
Tests run: 1, Failures: 0, Errors: 0, Skipped: 0, Time elapsed: 0 sec

Results :

Tests run: 4, Failures: 0, Errors: 0, Skipped: 0

[INFO] 
[INFO] --- jacoco-maven-plugin:0.7.2.201409121644:report (default-report) @ ukrNetDump ---
[INFO] Analyzed bundle 'ukrNetDump' with 12 classes
[INFO] 
[INFO] --- maven-jar-plugin:2.4:jar (default-jar) @ ukrNetDump ---
[INFO] Building jar: C:\Documents and Settings\pavel-pc\IdeaProjects\UkrNetDump\target\ukrNetDump-1.0.jar
[INFO] ------------------------------------------------------------------------
[INFO] BUILD SUCCESS
[INFO] ------------------------------------------------------------------------
[INFO] Total time: 28.765 s
[INFO] Finished at: 2015-07-25T17:26:59+03:00
[INFO] Final Memory: 16M/38M
[INFO] ------------------------------------------------------------------------
